<?xml version="1.0" encoding="UTF-8"?>
<!-- Generated by org.testng.reporters.JUnitXMLReporter -->
<testsuite ignored="0" hostname="Shahil" failures="1" tests="5" name="Regression" time="0.066" errors="0" timestamp="2025-06-02T16:00:03 IST">
  <testcase classname="test.Day4" name="APILoginHome" time="0.012"/>
  <testcase classname="test.Day4" name="MobileLoginHome" time="0.003"/>
  <testcase classname="test.Day4" name="MobileSignIn" time="0.002"/>
  <testcase classname="test.Day4" name="MobileSignOut" time="0.002"/>
  <testcase classname="test.Day4" name="WebLoginHome" time="0.0">
    <failure type="org.testng.TestNGException" message="
Parameter &amp;apos;shahil&amp;apos; is required by @Test on method WebLoginHome but has not been marked @Optional or defined
in E:\Selenium Practice\TestNG_Learning\testng4.xml">
      <![CDATA[org.testng.TestNGException: 
Parameter 'shahil' is required by @Test on method WebLoginHome but has not been marked @Optional or defined
in E:\Selenium Practice\TestNG_Learning\testng4.xml
at java.base/java.util.ArrayList.forEach(ArrayList.java:1596)
... Removed 26 stack frames]]>
    </failure>
  </testcase> <!-- WebLoginHome -->
</testsuite> <!-- Regression -->
