<?xml version="1.0" encoding="UTF-8"?>
<!-- Generated by org.testng.reporters.JUnitXMLReporter -->
<testsuite ignored="0" hostname="Shahil" failures="2" tests="8" name="Regression" time="0.065" errors="0" timestamp="2025-06-02T15:57:27 IST">
  <testcase classname="test.Day3" name="WebLoginCar" time="0.006"/>
  <testcase classname="test.Day3" name="MobileLoginCar" time="0.0">
    <failure type="org.testng.TestNGException" message="
Parameter &amp;apos;URL&amp;apos; is required by @Test on method MobileLoginCar but has not been marked @Optional or defined
in E:\Selenium Practice\TestNG_Learning\testng4.xml">
      <![CDATA[org.testng.TestNGException: 
Parameter 'URL' is required by @Test on method MobileLoginCar but has not been marked @Optional or defined
in E:\Selenium Practice\TestNG_Learning\testng4.xml
at java.base/java.util.ArrayList.forEach(ArrayList.java:1596)
... Removed 26 stack frames]]>
    </failure>
  </testcase> <!-- MobileLoginCar -->
  <testcase classname="test.Day3" name="APILoginCar" time="0.001"/>
  <testcase classname="test.Day4" name="APILoginHome" time="0.002"/>
  <testcase classname="test.Day4" name="MobileLoginHome" time="0.001"/>
  <testcase classname="test.Day4" name="MobileSignIn" time="0.001"/>
  <testcase classname="test.Day4" name="MobileSignOut" time="0.001"/>
  <testcase classname="test.Day4" name="WebLoginHome" time="0.0">
    <failure type="org.testng.TestNGException" message="
Method WebLoginHome requires 2 parameters but 1 were supplied in the @Test annotation.">
      <![CDATA[org.testng.TestNGException: 
Method WebLoginHome requires 2 parameters but 1 were supplied in the @Test annotation.
at java.base/java.util.ArrayList.forEach(ArrayList.java:1596)
... Removed 26 stack frames]]>
    </failure>
  </testcase> <!-- WebLoginHome -->
</testsuite> <!-- Regression -->
