<?xml version="1.0" encoding="UTF-8"?>
<testng-results ignored="0" total="5" passed="4" failed="1" skipped="0">
  <reporter-output>
  </reporter-output>
  <suite started-at="2025-06-02T17:17:53 IST" name="Annotations Extension" finished-at="2025-06-02T17:17:53 IST" duration-ms="93">
    <groups>
    </groups>
    <test started-at="2025-06-02T17:17:53 IST" name="Regression_Test" finished-at="2025-06-02T17:17:53 IST" duration-ms="93">
      <class name="test.Day5">
        <test-method signature="Shahil()[pri:0, instance:test.Day5@74fe5c40]" started-at="2025-06-02T17:17:53 IST" name="Shahil" finished-at="2025-06-02T17:17:53 IST" duration-ms="11" status="PASS">
          <reporter-output>
          </reporter-output>
        </test-method> <!-- Shahil -->
        <test-method signature="Sinha(java.lang.String,java.lang.String)[pri:0, instance:test.Day5@74fe5c40]" started-at="2025-06-02T17:17:53 IST" name="Sinha" finished-at="2025-06-02T17:17:53 IST" duration-ms="14" status="FAIL">
          <params>
            <param index="0">
              <value>
                <![CDATA[Shahil]]>
              </value>
            </param>
            <param index="1">
              <value>
                <![CDATA[Sinha]]>
              </value>
            </param>
          </params>
          <exception class="java.lang.AssertionError">
            <message>
              <![CDATA[expected [true] but found [false]]]>
            </message>
            <full-stacktrace>
              <![CDATA[java.lang.AssertionError: expected [true] but found [false]
at org.testng.Assert.fail(Assert.java:111)
at org.testng.Assert.failNotEquals(Assert.java:1590)
at org.testng.Assert.assertTrue(Assert.java:57)
at org.testng.Assert.assertTrue(Assert.java:67)
at test.Day5.Sinha(Day5.java:20)
at java.base/jdk.internal.reflect.DirectMethodHandleAccessor.invoke(DirectMethodHandleAccessor.java:103)
at java.base/java.lang.reflect.Method.invoke(Method.java:580)
at org.testng.internal.invokers.MethodInvocationHelper.invokeMethod(MethodInvocationHelper.java:141)
at org.testng.internal.invokers.TestInvoker.invokeMethod(TestInvoker.java:687)
at org.testng.internal.invokers.TestInvoker.invokeTestMethod(TestInvoker.java:230)
at org.testng.internal.invokers.MethodRunner.runInSequence(MethodRunner.java:63)
at org.testng.internal.invokers.TestInvoker$MethodInvocationAgent.invoke(TestInvoker.java:995)
at org.testng.internal.invokers.TestInvoker.invokeTestMethods(TestInvoker.java:203)
at org.testng.internal.invokers.TestMethodWorker.invokeTestMethods(TestMethodWorker.java:154)
at org.testng.internal.invokers.TestMethodWorker.run(TestMethodWorker.java:134)
at java.base/java.util.ArrayList.forEach(ArrayList.java:1596)
at org.testng.TestRunner.privateRun(TestRunner.java:741)
at org.testng.TestRunner.run(TestRunner.java:616)
at org.testng.SuiteRunner.runTest(SuiteRunner.java:421)
at org.testng.SuiteRunner.runSequentially(SuiteRunner.java:413)
at org.testng.SuiteRunner.privateRun(SuiteRunner.java:373)
at org.testng.SuiteRunner.run(SuiteRunner.java:312)
at org.testng.SuiteRunnerWorker.runSuite(SuiteRunnerWorker.java:52)
at org.testng.SuiteRunnerWorker.run(SuiteRunnerWorker.java:95)
at org.testng.TestNG.runSuitesSequentially(TestNG.java:1274)
at org.testng.TestNG.runSuitesLocally(TestNG.java:1208)
at org.testng.TestNG.runSuites(TestNG.java:1112)
at org.testng.TestNG.run(TestNG.java:1079)
at org.testng.remote.AbstractRemoteTestNG.run(AbstractRemoteTestNG.java:115)
at org.testng.remote.RemoteTestNG.initAndRun(RemoteTestNG.java:293)
at org.testng.remote.RemoteTestNG.main(RemoteTestNG.java:91)
]]>
            </full-stacktrace>
          </exception> <!-- java.lang.AssertionError -->
          <reporter-output>
          </reporter-output>
        </test-method> <!-- Sinha -->
      </class> <!-- test.Day5 -->
      <class name="test.Day6">
        <test-method signature="WebLoginHome(java.lang.String,java.lang.String)[pri:0, instance:test.Day6@2b662a77]" started-at="2025-06-02T17:17:53 IST" name="WebLoginHome" data-provider="getData" finished-at="2025-06-02T17:17:53 IST" duration-ms="4" status="PASS">
          <params>
            <param index="0">
              <value>
                <![CDATA[First User Name]]>
              </value>
            </param>
            <param index="1">
              <value>
                <![CDATA[First password]]>
              </value>
            </param>
          </params>
          <reporter-output>
          </reporter-output>
        </test-method> <!-- WebLoginHome -->
        <test-method signature="WebLoginHome(java.lang.String,java.lang.String)[pri:0, instance:test.Day6@2b662a77]" started-at="2025-06-02T17:17:53 IST" name="WebLoginHome" data-provider="getData" finished-at="2025-06-02T17:17:53 IST" duration-ms="1" status="PASS">
          <params>
            <param index="0">
              <value>
                <![CDATA[Second User Name]]>
              </value>
            </param>
            <param index="1">
              <value>
                <![CDATA[Second password]]>
              </value>
            </param>
          </params>
          <reporter-output>
          </reporter-output>
        </test-method> <!-- WebLoginHome -->
        <test-method signature="WebLoginHome(java.lang.String,java.lang.String)[pri:0, instance:test.Day6@2b662a77]" started-at="2025-06-02T17:17:53 IST" name="WebLoginHome" data-provider="getData" finished-at="2025-06-02T17:17:53 IST" duration-ms="2" status="PASS">
          <params>
            <param index="0">
              <value>
                <![CDATA[Third User Name]]>
              </value>
            </param>
            <param index="1">
              <value>
                <![CDATA[Third password]]>
              </value>
            </param>
          </params>
          <reporter-output>
          </reporter-output>
        </test-method> <!-- WebLoginHome -->
      </class> <!-- test.Day6 -->
    </test> <!-- Regression_Test -->
  </suite> <!-- Annotations Extension -->
</testng-results>
